<?xml version="1.0" encoding="UTF-8"?>
<!-- Generated by org.testng.reporters.JUnitReportReporter -->
<testsuite hostname="DESKTOP-CTNIRRU" failures="0" tests="2" name="com.orangeHRMAppLearn.BaseClass" time="11.403" errors="0" timestamp="2023-08-16T16:28:23 IST" skipped="0">
  <testcase classname="com.orangeHRMAppLearn.BaseClass" name="tst" time="4.974"/>
  <system-out/>
  <testcase classname="com.orangeHRMAppLearn.BaseClass" name="tst2" time="6.429"/>
  <system-out/>
</testsuite> <!-- com.orangeHRMAppLearn.BaseClass -->
