<?xml version="1.0" encoding="UTF-8"?>
<!-- Generated by org.testng.reporters.JUnitReportReporter -->
<testsuite hostname="DESKTOP-CTNIRRU" failures="0" tests="8" name="testNGLearn.TestAnnotationLearn" time="0.016" errors="0" timestamp="2023-08-16T16:39:34 IST" skipped="0">
  <testcase classname="testNGLearn.TestAnnotationLearn" name="zztest" time="0.008"/>
  <system-out/>
  <testcase classname="testNGLearn.TestAnnotationLearn" name="test" time="0.001"/>
  <system-out/>
  <testcase classname="testNGLearn.TestAnnotationLearn" name="aatest" time="0.002"/>
  <system-out/>
  <testcase classname="testNGLearn.TestAnnotationLearn" name="test1" time="0.001"/>
  <system-out/>
  <testcase classname="testNGLearn.TestAnnotationLearn" name="test1" time="0.002"/>
  <system-out/>
  <testcase classname="testNGLearn.TestAnnotationLearn" name="test1" time="0.001"/>
  <system-out/>
  <testcase classname="testNGLearn.TestAnnotationLearn" name="test1" time="0.001"/>
  <system-out/>
  <testcase classname="testNGLearn.TestAnnotationLearn" name="test1" time="0.000"/>
  <system-out/>
</testsuite> <!-- testNGLearn.TestAnnotationLearn -->
