<?xml version="1.0" encoding="UTF-8"?>
<!-- Generated by org.testng.reporters.JUnitReportReporter -->
<testsuite hostname="DESKTOP-CTNIRRU" failures="0" tests="2" name="testNGLearn.NewTest" time="0.009" errors="0" timestamp="2023-08-16T16:39:34 IST" skipped="0">
  <testcase classname="testNGLearn.NewTest" name="testMethod1" time="0.003"/>
  <system-out/>
  <testcase classname="testNGLearn.NewTest" name="testMethod" time="0.006"/>
  <system-out/>
</testsuite> <!-- testNGLearn.NewTest -->
